2023-05-06 11:18:44 INFO  Main:55 - Starting Main using Java 17.0.1 on DESKTOP-RGGTMQN with PID 3392 (D:\Java Projects\NewAfisha\Afisha\api-gateway\target\classes started by desertfox in D:\Java Projects\NewAfisha\Afisha)
2023-05-06 11:18:44 INFO  Main:634 - No active profile set, falling back to 1 default profile: "default"
2023-05-06 11:18:45 INFO  ChangeableUrls:255 - The Class-Path manifest attribute in C:\Users\desertfox\.m2\repository\io\grpc\grpc-netty-shaded\1.30.0\grpc-netty-shaded-1.30.0.jar referenced one or more files that do not exist: file:/C:/Users/desertfox/.m2/repository/io/grpc/grpc-netty-shaded/1.30.0/grpc-core-1.30.0.jar,file:/C:/Users/desertfox/.m2/repository/io/grpc/grpc-netty-shaded/1.30.0/grpc-api-1.30.0.jar,file:/C:/Users/desertfox/.m2/repository/io/grpc/grpc-netty-shaded/1.30.0/gson-2.8.6.jar,file:/C:/Users/desertfox/.m2/repository/io/grpc/grpc-netty-shaded/1.30.0/annotations-4.1.1.4.jar,file:/C:/Users/desertfox/.m2/repository/io/grpc/grpc-netty-shaded/1.30.0/animal-sniffer-annotations-1.18.jar,file:/C:/Users/desertfox/.m2/repository/io/grpc/grpc-netty-shaded/1.30.0/error_prone_annotations-2.3.4.jar,file:/C:/Users/desertfox/.m2/repository/io/grpc/grpc-netty-shaded/1.30.0/guava-28.2-android.jar,file:/C:/Users/desertfox/.m2/repository/io/grpc/grpc-netty-shaded/1.30.0/perfmark-api-0.19.0.jar,file:/C:/Users/desertfox/.m2/repository/io/grpc/grpc-netty-shaded/1.30.0/jsr305-3.0.2.jar,file:/C:/Users/desertfox/.m2/repository/io/grpc/grpc-netty-shaded/1.30.0/grpc-context-1.30.0.jar,file:/C:/Users/desertfox/.m2/repository/io/grpc/grpc-netty-shaded/1.30.0/failureaccess-1.0.1.jar,file:/C:/Users/desertfox/.m2/repository/io/grpc/grpc-netty-shaded/1.30.0/listenablefuture-9999.0-empty-to-avoid-conflict-with-guava.jar,file:/C:/Users/desertfox/.m2/repository/io/grpc/grpc-netty-shaded/1.30.0/checker-compat-qual-2.5.5.jar,file:/C:/Users/desertfox/.m2/repository/io/grpc/grpc-netty-shaded/1.30.0/j2objc-annotations-1.3.jar
2023-05-06 11:18:45 INFO  DevToolsPropertyDefaultsPostProcessor:255 - Devtools property defaults active! Set 'spring.devtools.add-properties' to 'false' to disable
2023-05-06 11:18:45 INFO  DevToolsPropertyDefaultsPostProcessor:255 - For additional web related logging consider setting the 'logging.level.web' property to 'DEBUG'
2023-05-06 11:18:46 INFO  TomcatWebServer:108 - Tomcat initialized with port(s): 8090 (http)
2023-05-06 11:18:46 INFO  StandardService:173 - Starting service [Tomcat]
2023-05-06 11:18:46 INFO  StandardEngine:173 - Starting Servlet engine: [Apache Tomcat/9.0.63]
2023-05-06 11:18:46 INFO  [/]:173 - Initializing Spring embedded WebApplicationContext
2023-05-06 11:18:46 INFO  ServletWebServerApplicationContext:292 - Root WebApplicationContext: initialization completed in 1845 ms
2023-05-06 11:18:47 INFO  DefaultSecurityFilterChain:55 - Will secure any request with [org.springframework.security.web.session.DisableEncodeUrlFilter@4898365c, org.springframework.security.web.context.request.async.WebAsyncManagerIntegrationFilter@2237dcb2, org.springframework.security.web.context.SecurityContextPersistenceFilter@6e3505a8, org.springframework.security.web.header.HeaderWriterFilter@5d3c78d3, org.springframework.security.web.authentication.logout.LogoutFilter@7bdbbb35, org.springframework.security.web.authentication.www.BasicAuthenticationFilter@6813239a, org.springframework.security.web.savedrequest.RequestCacheAwareFilter@1793b255, org.springframework.security.web.servletapi.SecurityContextHolderAwareRequestFilter@7eae3ccd, org.springframework.security.web.authentication.AnonymousAuthenticationFilter@66f5ccbc, org.springframework.security.web.session.SessionManagementFilter@1fc36012, org.springframework.security.web.access.ExceptionTranslationFilter@48d2f52e, org.springframework.security.web.access.intercept.FilterSecurityInterceptor@790db28f]
2023-05-06 11:18:47 INFO  OptionalLiveReloadServer:58 - LiveReload server is running on port 35729
2023-05-06 11:18:47 INFO  TomcatWebServer:220 - Tomcat started on port(s): 8090 (http) with context path ''
2023-05-06 11:18:47 INFO  Main:61 - Started Main in 3.506 seconds (JVM running for 4.202)
2023-05-06 11:19:02 INFO  [/]:173 - Initializing Spring DispatcherServlet 'dispatcherServlet'
2023-05-06 11:19:02 INFO  DispatcherServlet:525 - Initializing Servlet 'dispatcherServlet'
2023-05-06 11:19:02 INFO  DispatcherServlet:547 - Completed initialization in 1 ms
2023-05-06 11:37:30 INFO  GrpcServerLifecycle:116 - gRPC server shutdown.
2023-05-06 11:37:30 INFO  LocalContainerEntityManagerFactoryBean:651 - Closing JPA EntityManagerFactory for persistence unit 'default'
2023-05-06 11:37:30 INFO  HikariDataSource:350 - HikariPool-1 - Shutdown initiated...
2023-05-06 11:37:30 INFO  HikariDataSource:352 - HikariPool-1 - Shutdown completed.
2023-05-06 11:49:15 INFO  Main:55 - Starting Main using Java 17.0.1 on DESKTOP-RGGTMQN with PID 3940 (D:\Java Projects\NewAfisha\Afisha\api-gateway\target\classes started by desertfox in D:\Java Projects\NewAfisha\Afisha)
2023-05-06 11:49:15 INFO  Main:634 - No active profile set, falling back to 1 default profile: "default"
2023-05-06 11:49:15 INFO  ChangeableUrls:255 - The Class-Path manifest attribute in C:\Users\desertfox\.m2\repository\io\grpc\grpc-netty-shaded\1.30.0\grpc-netty-shaded-1.30.0.jar referenced one or more files that do not exist: file:/C:/Users/desertfox/.m2/repository/io/grpc/grpc-netty-shaded/1.30.0/grpc-core-1.30.0.jar,file:/C:/Users/desertfox/.m2/repository/io/grpc/grpc-netty-shaded/1.30.0/grpc-api-1.30.0.jar,file:/C:/Users/desertfox/.m2/repository/io/grpc/grpc-netty-shaded/1.30.0/gson-2.8.6.jar,file:/C:/Users/desertfox/.m2/repository/io/grpc/grpc-netty-shaded/1.30.0/annotations-4.1.1.4.jar,file:/C:/Users/desertfox/.m2/repository/io/grpc/grpc-netty-shaded/1.30.0/animal-sniffer-annotations-1.18.jar,file:/C:/Users/desertfox/.m2/repository/io/grpc/grpc-netty-shaded/1.30.0/error_prone_annotations-2.3.4.jar,file:/C:/Users/desertfox/.m2/repository/io/grpc/grpc-netty-shaded/1.30.0/guava-28.2-android.jar,file:/C:/Users/desertfox/.m2/repository/io/grpc/grpc-netty-shaded/1.30.0/perfmark-api-0.19.0.jar,file:/C:/Users/desertfox/.m2/repository/io/grpc/grpc-netty-shaded/1.30.0/jsr305-3.0.2.jar,file:/C:/Users/desertfox/.m2/repository/io/grpc/grpc-netty-shaded/1.30.0/grpc-context-1.30.0.jar,file:/C:/Users/desertfox/.m2/repository/io/grpc/grpc-netty-shaded/1.30.0/failureaccess-1.0.1.jar,file:/C:/Users/desertfox/.m2/repository/io/grpc/grpc-netty-shaded/1.30.0/listenablefuture-9999.0-empty-to-avoid-conflict-with-guava.jar,file:/C:/Users/desertfox/.m2/repository/io/grpc/grpc-netty-shaded/1.30.0/checker-compat-qual-2.5.5.jar,file:/C:/Users/desertfox/.m2/repository/io/grpc/grpc-netty-shaded/1.30.0/j2objc-annotations-1.3.jar
2023-05-06 11:49:15 INFO  DevToolsPropertyDefaultsPostProcessor:255 - Devtools property defaults active! Set 'spring.devtools.add-properties' to 'false' to disable
2023-05-06 11:49:15 INFO  DevToolsPropertyDefaultsPostProcessor:255 - For additional web related logging consider setting the 'logging.level.web' property to 'DEBUG'
2023-05-06 11:49:17 INFO  TomcatWebServer:108 - Tomcat initialized with port(s): 8090 (http)
2023-05-06 11:49:17 INFO  StandardService:173 - Starting service [Tomcat]
2023-05-06 11:49:17 INFO  StandardEngine:173 - Starting Servlet engine: [Apache Tomcat/9.0.63]
2023-05-06 11:49:17 INFO  [/]:173 - Initializing Spring embedded WebApplicationContext
2023-05-06 11:49:17 INFO  ServletWebServerApplicationContext:292 - Root WebApplicationContext: initialization completed in 2026 ms
2023-05-06 11:49:17 ERROR StandardManager:175 - Exception loading sessions from persistent storage
java.io.InvalidClassException: ru.it.lab.entitities.Authorization; local class incompatible: stream classdesc serialVersionUID = -8014193418833985666, local class serialVersionUID = -1406540934047435900
	at java.base/java.io.ObjectStreamClass.initNonProxy(ObjectStreamClass.java:728)
	at java.base/java.io.ObjectInputStream.readNonProxyDesc(ObjectInputStream.java:2060)
	at java.base/java.io.ObjectInputStream.readClassDesc(ObjectInputStream.java:1907)
	at java.base/java.io.ObjectInputStream.readOrdinaryObject(ObjectInputStream.java:2209)
	at java.base/java.io.ObjectInputStream.readObject0(ObjectInputStream.java:1742)
	at java.base/java.io.ObjectInputStream$FieldValues.<init>(ObjectInputStream.java:2584)
	at java.base/java.io.ObjectInputStream.readSerialData(ObjectInputStream.java:2442)
	at java.base/java.io.ObjectInputStream.readOrdinaryObject(ObjectInputStream.java:2242)
	at java.base/java.io.ObjectInputStream.readObject0(ObjectInputStream.java:1742)
	at java.base/java.io.ObjectInputStream$FieldValues.<init>(ObjectInputStream.java:2584)
	at java.base/java.io.ObjectInputStream.readSerialData(ObjectInputStream.java:2442)
	at java.base/java.io.ObjectInputStream.readOrdinaryObject(ObjectInputStream.java:2242)
	at java.base/java.io.ObjectInputStream.readObject0(ObjectInputStream.java:1742)
	at java.base/java.io.ObjectInputStream.readObject(ObjectInputStream.java:514)
	at java.base/java.io.ObjectInputStream.readObject(ObjectInputStream.java:472)
	at org.apache.catalina.session.StandardSession.doReadObject(StandardSession.java:1608)
	at org.apache.catalina.session.StandardSession.readObjectData(StandardSession.java:1050)
	at org.apache.catalina.session.StandardManager.doLoad(StandardManager.java:219)
	at org.apache.catalina.session.StandardManager.load(StandardManager.java:162)
	at org.apache.catalina.session.StandardManager.startInternal(StandardManager.java:356)
	at org.apache.catalina.util.LifecycleBase.start(LifecycleBase.java:183)
	at org.apache.catalina.core.StandardContext.startInternal(StandardContext.java:5247)
	at org.apache.catalina.util.LifecycleBase.start(LifecycleBase.java:183)
	at org.apache.catalina.core.ContainerBase$StartChild.call(ContainerBase.java:1396)
	at org.apache.catalina.core.ContainerBase$StartChild.call(ContainerBase.java:1386)
	at java.base/java.util.concurrent.FutureTask.run(FutureTask.java:264)
	at org.apache.tomcat.util.threads.InlineExecutorService.execute(InlineExecutorService.java:75)
	at java.base/java.util.concurrent.AbstractExecutorService.submit(AbstractExecutorService.java:145)
	at org.apache.catalina.core.ContainerBase.startInternal(ContainerBase.java:919)
	at org.apache.catalina.core.StandardHost.startInternal(StandardHost.java:835)
	at org.apache.catalina.util.LifecycleBase.start(LifecycleBase.java:183)
	at org.apache.catalina.core.ContainerBase$StartChild.call(ContainerBase.java:1396)
	at org.apache.catalina.core.ContainerBase$StartChild.call(ContainerBase.java:1386)
	at java.base/java.util.concurrent.FutureTask.run(FutureTask.java:264)
	at org.apache.tomcat.util.threads.InlineExecutorService.execute(InlineExecutorService.java:75)
	at java.base/java.util.concurrent.AbstractExecutorService.submit(AbstractExecutorService.java:145)
	at org.apache.catalina.core.ContainerBase.startInternal(ContainerBase.java:919)
	at org.apache.catalina.core.StandardEngine.startInternal(StandardEngine.java:263)
	at org.apache.catalina.util.LifecycleBase.start(LifecycleBase.java:183)
	at org.apache.catalina.core.StandardService.startInternal(StandardService.java:432)
	at org.apache.catalina.util.LifecycleBase.start(LifecycleBase.java:183)
	at org.apache.catalina.core.StandardServer.startInternal(StandardServer.java:927)
	at org.apache.catalina.util.LifecycleBase.start(LifecycleBase.java:183)
	at org.apache.catalina.startup.Tomcat.start(Tomcat.java:486)
	at org.springframework.boot.web.embedded.tomcat.TomcatWebServer.initialize(TomcatWebServer.java:123)
	at org.springframework.boot.web.embedded.tomcat.TomcatWebServer.<init>(TomcatWebServer.java:104)
	at org.springframework.boot.web.embedded.tomcat.TomcatServletWebServerFactory.getTomcatWebServer(TomcatServletWebServerFactory.java:479)
	at org.springframework.boot.web.embedded.tomcat.TomcatServletWebServerFactory.getWebServer(TomcatServletWebServerFactory.java:211)
	at org.springframework.boot.web.servlet.context.ServletWebServerApplicationContext.createWebServer(ServletWebServerApplicationContext.java:184)
	at org.springframework.boot.web.servlet.context.ServletWebServerApplicationContext.onRefresh(ServletWebServerApplicationContext.java:162)
	at org.springframework.context.support.AbstractApplicationContext.refresh(AbstractApplicationContext.java:577)
	at org.springframework.boot.web.servlet.context.ServletWebServerApplicationContext.refresh(ServletWebServerApplicationContext.java:147)
	at org.springframework.boot.SpringApplication.refresh(SpringApplication.java:734)
	at org.springframework.boot.SpringApplication.refreshContext(SpringApplication.java:408)
	at org.springframework.boot.SpringApplication.run(SpringApplication.java:308)
	at org.springframework.boot.SpringApplication.run(SpringApplication.java:1306)
	at org.springframework.boot.SpringApplication.run(SpringApplication.java:1295)
	at ru.it.lab.APIGatewayMain.main(Main.java:20)
	at java.base/jdk.internal.reflect.NativeMethodAccessorImpl.invoke0(Native Method)
	at java.base/jdk.internal.reflect.NativeMethodAccessorImpl.invoke(NativeMethodAccessorImpl.java:77)
	at java.base/jdk.internal.reflect.DelegatingMethodAccessorImpl.invoke(DelegatingMethodAccessorImpl.java:43)
	at java.base/java.lang.reflect.Method.invoke(Method.java:568)
	at org.springframework.boot.devtools.restart.RestartLauncher.run(RestartLauncher.java:49)
2023-05-06 11:49:18 INFO  DefaultSecurityFilterChain:55 - Will secure any request with [org.springframework.security.web.session.DisableEncodeUrlFilter@4e31f836, org.springframework.security.web.context.request.async.WebAsyncManagerIntegrationFilter@ff8696d, org.springframework.security.web.context.SecurityContextPersistenceFilter@253e11da, org.springframework.security.web.header.HeaderWriterFilter@3434e7df, org.springframework.security.web.authentication.logout.LogoutFilter@33e41d9, org.springframework.security.web.authentication.www.BasicAuthenticationFilter@5ac2c199, org.springframework.security.web.savedrequest.RequestCacheAwareFilter@f133cde, org.springframework.security.web.servletapi.SecurityContextHolderAwareRequestFilter@5c9b5fef, org.springframework.security.web.authentication.AnonymousAuthenticationFilter@5a2c21be, org.springframework.security.web.session.SessionManagementFilter@5a000947, org.springframework.security.web.access.ExceptionTranslationFilter@7668ecd1, org.springframework.security.web.access.intercept.FilterSecurityInterceptor@3ef42da8]
2023-05-06 11:49:18 INFO  OptionalLiveReloadServer:58 - LiveReload server is running on port 35729
2023-05-06 11:49:18 INFO  TomcatWebServer:220 - Tomcat started on port(s): 8090 (http) with context path ''
2023-05-06 11:49:18 INFO  Main:61 - Started Main in 3.731 seconds (JVM running for 4.362)
2023-05-06 11:51:20 INFO  APIGatewayMain:55 - Starting APIGatewayMain using Java 17.0.1 on DESKTOP-RGGTMQN with PID 7372 (D:\Java Projects\NewAfisha\Afisha\api-gateway\target\classes started by desertfox in D:\Java Projects\NewAfisha\Afisha)
2023-05-06 11:51:20 INFO  APIGatewayMain:634 - No active profile set, falling back to 1 default profile: "default"
2023-05-06 11:51:20 INFO  ChangeableUrls:255 - The Class-Path manifest attribute in C:\Users\desertfox\.m2\repository\io\grpc\grpc-netty-shaded\1.30.0\grpc-netty-shaded-1.30.0.jar referenced one or more files that do not exist: file:/C:/Users/desertfox/.m2/repository/io/grpc/grpc-netty-shaded/1.30.0/grpc-core-1.30.0.jar,file:/C:/Users/desertfox/.m2/repository/io/grpc/grpc-netty-shaded/1.30.0/grpc-api-1.30.0.jar,file:/C:/Users/desertfox/.m2/repository/io/grpc/grpc-netty-shaded/1.30.0/gson-2.8.6.jar,file:/C:/Users/desertfox/.m2/repository/io/grpc/grpc-netty-shaded/1.30.0/annotations-4.1.1.4.jar,file:/C:/Users/desertfox/.m2/repository/io/grpc/grpc-netty-shaded/1.30.0/animal-sniffer-annotations-1.18.jar,file:/C:/Users/desertfox/.m2/repository/io/grpc/grpc-netty-shaded/1.30.0/error_prone_annotations-2.3.4.jar,file:/C:/Users/desertfox/.m2/repository/io/grpc/grpc-netty-shaded/1.30.0/guava-28.2-android.jar,file:/C:/Users/desertfox/.m2/repository/io/grpc/grpc-netty-shaded/1.30.0/perfmark-api-0.19.0.jar,file:/C:/Users/desertfox/.m2/repository/io/grpc/grpc-netty-shaded/1.30.0/jsr305-3.0.2.jar,file:/C:/Users/desertfox/.m2/repository/io/grpc/grpc-netty-shaded/1.30.0/grpc-context-1.30.0.jar,file:/C:/Users/desertfox/.m2/repository/io/grpc/grpc-netty-shaded/1.30.0/failureaccess-1.0.1.jar,file:/C:/Users/desertfox/.m2/repository/io/grpc/grpc-netty-shaded/1.30.0/listenablefuture-9999.0-empty-to-avoid-conflict-with-guava.jar,file:/C:/Users/desertfox/.m2/repository/io/grpc/grpc-netty-shaded/1.30.0/checker-compat-qual-2.5.5.jar,file:/C:/Users/desertfox/.m2/repository/io/grpc/grpc-netty-shaded/1.30.0/j2objc-annotations-1.3.jar
2023-05-06 11:51:20 INFO  DevToolsPropertyDefaultsPostProcessor:255 - Devtools property defaults active! Set 'spring.devtools.add-properties' to 'false' to disable
2023-05-06 11:51:20 INFO  DevToolsPropertyDefaultsPostProcessor:255 - For additional web related logging consider setting the 'logging.level.web' property to 'DEBUG'
2023-05-06 11:51:22 INFO  TomcatWebServer:108 - Tomcat initialized with port(s): 8090 (http)
2023-05-06 11:51:22 INFO  StandardService:173 - Starting service [Tomcat]
2023-05-06 11:51:22 INFO  StandardEngine:173 - Starting Servlet engine: [Apache Tomcat/9.0.63]
2023-05-06 11:51:22 INFO  [/]:173 - Initializing Spring embedded WebApplicationContext
2023-05-06 11:51:22 INFO  ServletWebServerApplicationContext:292 - Root WebApplicationContext: initialization completed in 1742 ms
2023-05-06 11:51:23 INFO  DefaultSecurityFilterChain:55 - Will secure any request with [org.springframework.security.web.session.DisableEncodeUrlFilter@733e89a, org.springframework.security.web.context.request.async.WebAsyncManagerIntegrationFilter@5e34a99b, org.springframework.security.web.context.SecurityContextPersistenceFilter@2190fb11, org.springframework.security.web.header.HeaderWriterFilter@79fbb5d8, org.springframework.security.web.authentication.logout.LogoutFilter@1e245191, org.springframework.security.web.authentication.www.BasicAuthenticationFilter@d25649f, org.springframework.security.web.savedrequest.RequestCacheAwareFilter@6b8d5e4, org.springframework.security.web.servletapi.SecurityContextHolderAwareRequestFilter@584d27ef, org.springframework.security.web.authentication.AnonymousAuthenticationFilter@45eb489f, org.springframework.security.web.session.SessionManagementFilter@52d563a1, org.springframework.security.web.access.ExceptionTranslationFilter@12dc1f54, org.springframework.security.web.access.intercept.FilterSecurityInterceptor@6190941d]
2023-05-06 11:51:24 WARN  OptionalLiveReloadServer:61 - Unable to start LiveReload server
2023-05-06 11:51:24 INFO  TomcatWebServer:220 - Tomcat started on port(s): 8090 (http) with context path ''
2023-05-06 11:51:24 INFO  APIGatewayMain:61 - Started APIGatewayMain in 3.635 seconds (JVM running for 4.263)
2023-05-06 11:51:30 INFO  [/]:173 - Initializing Spring DispatcherServlet 'dispatcherServlet'
2023-05-06 11:51:30 INFO  DispatcherServlet:525 - Initializing Servlet 'dispatcherServlet'
2023-05-06 11:51:30 INFO  DispatcherServlet:547 - Completed initialization in 2 ms
2023-05-06 11:51:32 ERROR [dispatcherServlet]:175 - Servlet.service() for servlet [dispatcherServlet] in context with path [] threw exception [Request processing failed; nested exception is org.springframework.http.converter.HttpMessageConversionException: Type definition error: [simple type, class com.google.protobuf.UnknownFieldSet$Parser]; nested exception is com.fasterxml.jackson.databind.exc.InvalidDefinitionException: No serializer found for class com.google.protobuf.UnknownFieldSet$Parser and no properties discovered to create BeanSerializer (to avoid exception, disable SerializationFeature.FAIL_ON_EMPTY_BEANS) (through reference chain: ru.it.lab.UserProto["unknownFields"]->com.google.protobuf.UnknownFieldSet["parserForType"])] with root cause
com.fasterxml.jackson.databind.exc.InvalidDefinitionException: No serializer found for class com.google.protobuf.UnknownFieldSet$Parser and no properties discovered to create BeanSerializer (to avoid exception, disable SerializationFeature.FAIL_ON_EMPTY_BEANS) (through reference chain: ru.it.lab.UserProto["unknownFields"]->com.google.protobuf.UnknownFieldSet["parserForType"])
	at com.fasterxml.jackson.databind.exc.InvalidDefinitionException.from(InvalidDefinitionException.java:77)
	at com.fasterxml.jackson.databind.SerializerProvider.reportBadDefinition(SerializerProvider.java:1300)
	at com.fasterxml.jackson.databind.DatabindContext.reportBadDefinition(DatabindContext.java:400)
	at com.fasterxml.jackson.databind.ser.impl.UnknownSerializer.failForEmpty(UnknownSerializer.java:46)
	at com.fasterxml.jackson.databind.ser.impl.UnknownSerializer.serialize(UnknownSerializer.java:29)
	at com.fasterxml.jackson.databind.ser.BeanPropertyWriter.serializeAsField(BeanPropertyWriter.java:728)
	at com.fasterxml.jackson.databind.ser.std.BeanSerializerBase.serializeFields(BeanSerializerBase.java:774)
	at com.fasterxml.jackson.databind.ser.BeanSerializer.serialize(BeanSerializer.java:178)
	at com.fasterxml.jackson.databind.ser.BeanPropertyWriter.serializeAsField(BeanPropertyWriter.java:728)
	at com.fasterxml.jackson.databind.ser.std.BeanSerializerBase.serializeFields(BeanSerializerBase.java:774)
	at com.fasterxml.jackson.databind.ser.BeanSerializer.serialize(BeanSerializer.java:178)
	at com.fasterxml.jackson.databind.ser.DefaultSerializerProvider._serialize(DefaultSerializerProvider.java:480)
	at com.fasterxml.jackson.databind.ser.DefaultSerializerProvider.serializeValue(DefaultSerializerProvider.java:319)
	at com.fasterxml.jackson.databind.ObjectWriter$Prefetch.serialize(ObjectWriter.java:1518)
	at com.fasterxml.jackson.databind.ObjectWriter.writeValue(ObjectWriter.java:1007)
	at org.springframework.http.converter.json.AbstractJackson2HttpMessageConverter.writeInternal(AbstractJackson2HttpMessageConverter.java:456)
	at org.springframework.http.converter.AbstractGenericHttpMessageConverter.write(AbstractGenericHttpMessageConverter.java:104)
	at org.springframework.web.servlet.mvc.method.annotation.AbstractMessageConverterMethodProcessor.writeWithMessageConverters(AbstractMessageConverterMethodProcessor.java:290)
	at org.springframework.web.servlet.mvc.method.annotation.RequestResponseBodyMethodProcessor.handleReturnValue(RequestResponseBodyMethodProcessor.java:183)
	at org.springframework.web.method.support.HandlerMethodReturnValueHandlerComposite.handleReturnValue(HandlerMethodReturnValueHandlerComposite.java:78)
	at org.springframework.web.servlet.mvc.method.annotation.ServletInvocableHandlerMethod.invokeAndHandle(ServletInvocableHandlerMethod.java:135)
	at org.springframework.web.servlet.mvc.method.annotation.RequestMappingHandlerAdapter.invokeHandlerMethod(RequestMappingHandlerAdapter.java:895)
	at org.springframework.web.servlet.mvc.method.annotation.RequestMappingHandlerAdapter.handleInternal(RequestMappingHandlerAdapter.java:808)
	at org.springframework.web.servlet.mvc.method.AbstractHandlerMethodAdapter.handle(AbstractHandlerMethodAdapter.java:87)
	at org.springframework.web.servlet.DispatcherServlet.doDispatch(DispatcherServlet.java:1067)
	at org.springframework.web.servlet.DispatcherServlet.doService(DispatcherServlet.java:963)
	at org.springframework.web.servlet.FrameworkServlet.processRequest(FrameworkServlet.java:1006)
	at org.springframework.web.servlet.FrameworkServlet.doGet(FrameworkServlet.java:898)
	at javax.servlet.http.HttpServlet.service(HttpServlet.java:655)
	at org.springframework.web.servlet.FrameworkServlet.service(FrameworkServlet.java:883)
	at javax.servlet.http.HttpServlet.service(HttpServlet.java:764)
	at org.apache.catalina.core.ApplicationFilterChain.internalDoFilter(ApplicationFilterChain.java:227)
	at org.apache.catalina.core.ApplicationFilterChain.doFilter(ApplicationFilterChain.java:162)
	at org.apache.tomcat.websocket.server.WsFilter.doFilter(WsFilter.java:53)
	at org.apache.catalina.core.ApplicationFilterChain.internalDoFilter(ApplicationFilterChain.java:189)
	at org.apache.catalina.core.ApplicationFilterChain.doFilter(ApplicationFilterChain.java:162)
	at org.springframework.security.web.FilterChainProxy$VirtualFilterChain.doFilter(FilterChainProxy.java:327)
	at org.springframework.security.web.access.intercept.FilterSecurityInterceptor.invoke(FilterSecurityInterceptor.java:115)
	at org.springframework.security.web.access.intercept.FilterSecurityInterceptor.doFilter(FilterSecurityInterceptor.java:81)
	at org.springframework.security.web.FilterChainProxy$VirtualFilterChain.doFilter(FilterChainProxy.java:336)
	at org.springframework.security.web.access.ExceptionTranslationFilter.doFilter(ExceptionTranslationFilter.java:122)
	at org.springframework.security.web.access.ExceptionTranslationFilter.doFilter(ExceptionTranslationFilter.java:116)
	at org.springframework.security.web.FilterChainProxy$VirtualFilterChain.doFilter(FilterChainProxy.java:336)
	at org.springframework.security.web.session.SessionManagementFilter.doFilter(SessionManagementFilter.java:126)
	at org.springframework.security.web.session.SessionManagementFilter.doFilter(SessionManagementFilter.java:81)
	at org.springframework.security.web.FilterChainProxy$VirtualFilterChain.doFilter(FilterChainProxy.java:336)
	at org.springframework.security.web.authentication.AnonymousAuthenticationFilter.doFilter(AnonymousAuthenticationFilter.java:109)
	at org.springframework.security.web.FilterChainProxy$VirtualFilterChain.doFilter(FilterChainProxy.java:336)
	at org.springframework.security.web.servletapi.SecurityContextHolderAwareRequestFilter.doFilter(SecurityContextHolderAwareRequestFilter.java:149)
	at org.springframework.security.web.FilterChainProxy$VirtualFilterChain.doFilter(FilterChainProxy.java:336)
	at org.springframework.security.web.savedrequest.RequestCacheAwareFilter.doFilter(RequestCacheAwareFilter.java:63)
	at org.springframework.security.web.FilterChainProxy$VirtualFilterChain.doFilter(FilterChainProxy.java:336)
	at org.springframework.security.web.authentication.www.BasicAuthenticationFilter.doFilterInternal(BasicAuthenticationFilter.java:166)
	at org.springframework.web.filter.OncePerRequestFilter.doFilter(OncePerRequestFilter.java:117)
	at org.springframework.security.web.FilterChainProxy$VirtualFilterChain.doFilter(FilterChainProxy.java:336)
	at org.springframework.security.web.authentication.logout.LogoutFilter.doFilter(LogoutFilter.java:103)
	at org.springframework.security.web.authentication.logout.LogoutFilter.doFilter(LogoutFilter.java:89)
	at org.springframework.security.web.FilterChainProxy$VirtualFilterChain.doFilter(FilterChainProxy.java:336)
	at org.springframework.security.web.header.HeaderWriterFilter.doHeadersAfter(HeaderWriterFilter.java:90)
	at org.springframework.security.web.header.HeaderWriterFilter.doFilterInternal(HeaderWriterFilter.java:75)
	at org.springframework.web.filter.OncePerRequestFilter.doFilter(OncePerRequestFilter.java:117)
	at org.springframework.security.web.FilterChainProxy$VirtualFilterChain.doFilter(FilterChainProxy.java:336)
	at org.springframework.security.web.context.SecurityContextPersistenceFilter.doFilter(SecurityContextPersistenceFilter.java:112)
	at org.springframework.security.web.context.SecurityContextPersistenceFilter.doFilter(SecurityContextPersistenceFilter.java:82)
	at org.springframework.security.web.FilterChainProxy$VirtualFilterChain.doFilter(FilterChainProxy.java:336)
	at org.springframework.security.web.context.request.async.WebAsyncManagerIntegrationFilter.doFilterInternal(WebAsyncManagerIntegrationFilter.java:55)
	at org.springframework.web.filter.OncePerRequestFilter.doFilter(OncePerRequestFilter.java:117)
	at org.springframework.security.web.FilterChainProxy$VirtualFilterChain.doFilter(FilterChainProxy.java:336)
	at org.springframework.security.web.session.DisableEncodeUrlFilter.doFilterInternal(DisableEncodeUrlFilter.java:42)
	at org.springframework.web.filter.OncePerRequestFilter.doFilter(OncePerRequestFilter.java:117)
	at org.springframework.security.web.FilterChainProxy$VirtualFilterChain.doFilter(FilterChainProxy.java:336)
	at org.springframework.security.web.FilterChainProxy.doFilterInternal(FilterChainProxy.java:211)
	at org.springframework.security.web.FilterChainProxy.doFilter(FilterChainProxy.java:183)
	at org.springframework.web.filter.DelegatingFilterProxy.invokeDelegate(DelegatingFilterProxy.java:354)
	at org.springframework.web.filter.DelegatingFilterProxy.doFilter(DelegatingFilterProxy.java:267)
	at org.apache.catalina.core.ApplicationFilterChain.internalDoFilter(ApplicationFilterChain.java:189)
	at org.apache.catalina.core.ApplicationFilterChain.doFilter(ApplicationFilterChain.java:162)
	at org.springframework.web.filter.CharacterEncodingFilter.doFilterInternal(CharacterEncodingFilter.java:201)
	at org.springframework.web.filter.OncePerRequestFilter.doFilter(OncePerRequestFilter.java:117)
	at org.apache.catalina.core.ApplicationFilterChain.internalDoFilter(ApplicationFilterChain.java:189)
	at org.apache.catalina.core.ApplicationFilterChain.doFilter(ApplicationFilterChain.java:162)
	at org.apache.catalina.core.StandardWrapperValve.invoke(StandardWrapperValve.java:197)
	at org.apache.catalina.core.StandardContextValve.invoke(StandardContextValve.java:97)
	at org.apache.catalina.authenticator.AuthenticatorBase.invoke(AuthenticatorBase.java:541)
	at org.apache.catalina.core.StandardHostValve.invoke(StandardHostValve.java:135)
	at org.apache.catalina.valves.ErrorReportValve.invoke(ErrorReportValve.java:92)
	at org.apache.catalina.core.StandardEngineValve.invoke(StandardEngineValve.java:78)
	at org.apache.catalina.connector.CoyoteAdapter.service(CoyoteAdapter.java:360)
	at org.apache.coyote.http11.Http11Processor.service(Http11Processor.java:399)
	at org.apache.coyote.AbstractProcessorLight.process(AbstractProcessorLight.java:65)
	at org.apache.coyote.AbstractProtocol$ConnectionHandler.process(AbstractProtocol.java:890)
	at org.apache.tomcat.util.net.NioEndpoint$SocketProcessor.doRun(NioEndpoint.java:1743)
	at org.apache.tomcat.util.net.SocketProcessorBase.run(SocketProcessorBase.java:49)
	at org.apache.tomcat.util.threads.ThreadPoolExecutor.runWorker(ThreadPoolExecutor.java:1191)
	at org.apache.tomcat.util.threads.ThreadPoolExecutor$Worker.run(ThreadPoolExecutor.java:659)
	at org.apache.tomcat.util.threads.TaskThread$WrappingRunnable.run(TaskThread.java:61)
	at java.base/java.lang.Thread.run(Thread.java:833)
2023-05-06 11:58:04 INFO  APIGatewayMain:55 - Starting APIGatewayMain using Java 17.0.1 on DESKTOP-RGGTMQN with PID 19080 (D:\Java Projects\NewAfisha\Afisha\api-gateway\target\classes started by desertfox in D:\Java Projects\NewAfisha\Afisha)
2023-05-06 11:58:04 INFO  APIGatewayMain:634 - No active profile set, falling back to 1 default profile: "default"
2023-05-06 11:58:04 INFO  ChangeableUrls:255 - The Class-Path manifest attribute in C:\Users\desertfox\.m2\repository\io\grpc\grpc-netty-shaded\1.30.0\grpc-netty-shaded-1.30.0.jar referenced one or more files that do not exist: file:/C:/Users/desertfox/.m2/repository/io/grpc/grpc-netty-shaded/1.30.0/grpc-core-1.30.0.jar,file:/C:/Users/desertfox/.m2/repository/io/grpc/grpc-netty-shaded/1.30.0/grpc-api-1.30.0.jar,file:/C:/Users/desertfox/.m2/repository/io/grpc/grpc-netty-shaded/1.30.0/gson-2.8.6.jar,file:/C:/Users/desertfox/.m2/repository/io/grpc/grpc-netty-shaded/1.30.0/annotations-4.1.1.4.jar,file:/C:/Users/desertfox/.m2/repository/io/grpc/grpc-netty-shaded/1.30.0/animal-sniffer-annotations-1.18.jar,file:/C:/Users/desertfox/.m2/repository/io/grpc/grpc-netty-shaded/1.30.0/error_prone_annotations-2.3.4.jar,file:/C:/Users/desertfox/.m2/repository/io/grpc/grpc-netty-shaded/1.30.0/guava-28.2-android.jar,file:/C:/Users/desertfox/.m2/repository/io/grpc/grpc-netty-shaded/1.30.0/perfmark-api-0.19.0.jar,file:/C:/Users/desertfox/.m2/repository/io/grpc/grpc-netty-shaded/1.30.0/jsr305-3.0.2.jar,file:/C:/Users/desertfox/.m2/repository/io/grpc/grpc-netty-shaded/1.30.0/grpc-context-1.30.0.jar,file:/C:/Users/desertfox/.m2/repository/io/grpc/grpc-netty-shaded/1.30.0/failureaccess-1.0.1.jar,file:/C:/Users/desertfox/.m2/repository/io/grpc/grpc-netty-shaded/1.30.0/listenablefuture-9999.0-empty-to-avoid-conflict-with-guava.jar,file:/C:/Users/desertfox/.m2/repository/io/grpc/grpc-netty-shaded/1.30.0/checker-compat-qual-2.5.5.jar,file:/C:/Users/desertfox/.m2/repository/io/grpc/grpc-netty-shaded/1.30.0/j2objc-annotations-1.3.jar
2023-05-06 11:58:04 INFO  DevToolsPropertyDefaultsPostProcessor:255 - Devtools property defaults active! Set 'spring.devtools.add-properties' to 'false' to disable
2023-05-06 11:58:04 INFO  DevToolsPropertyDefaultsPostProcessor:255 - For additional web related logging consider setting the 'logging.level.web' property to 'DEBUG'
2023-05-06 11:58:05 INFO  TomcatWebServer:108 - Tomcat initialized with port(s): 8090 (http)
2023-05-06 11:58:06 INFO  StandardService:173 - Starting service [Tomcat]
2023-05-06 11:58:06 INFO  StandardEngine:173 - Starting Servlet engine: [Apache Tomcat/9.0.63]
2023-05-06 11:58:06 INFO  [/]:173 - Initializing Spring embedded WebApplicationContext
2023-05-06 11:58:06 INFO  ServletWebServerApplicationContext:292 - Root WebApplicationContext: initialization completed in 1680 ms
2023-05-06 11:58:06 INFO  DefaultSecurityFilterChain:55 - Will secure any request with [org.springframework.security.web.session.DisableEncodeUrlFilter@47f0e020, org.springframework.security.web.context.request.async.WebAsyncManagerIntegrationFilter@5f9fa77c, org.springframework.security.web.context.SecurityContextPersistenceFilter@796d9ea5, org.springframework.security.web.header.HeaderWriterFilter@e0ee20b, org.springframework.security.web.authentication.logout.LogoutFilter@60289545, org.springframework.security.web.authentication.www.BasicAuthenticationFilter@211461bb, org.springframework.security.web.savedrequest.RequestCacheAwareFilter@d17e3e7, org.springframework.security.web.servletapi.SecurityContextHolderAwareRequestFilter@656e3579, org.springframework.security.web.authentication.AnonymousAuthenticationFilter@241ca565, org.springframework.security.web.session.SessionManagementFilter@2190fb11, org.springframework.security.web.access.ExceptionTranslationFilter@14773ad6, org.springframework.security.web.access.intercept.FilterSecurityInterceptor@57f28d83]
2023-05-06 11:58:07 WARN  OptionalLiveReloadServer:61 - Unable to start LiveReload server
2023-05-06 11:58:07 INFO  TomcatWebServer:220 - Tomcat started on port(s): 8090 (http) with context path ''
2023-05-06 11:58:07 INFO  APIGatewayMain:61 - Started APIGatewayMain in 3.253 seconds (JVM running for 3.84)
2023-05-06 11:58:16 INFO  [/]:173 - Initializing Spring DispatcherServlet 'dispatcherServlet'
2023-05-06 11:58:16 INFO  DispatcherServlet:525 - Initializing Servlet 'dispatcherServlet'
2023-05-06 11:58:16 INFO  DispatcherServlet:547 - Completed initialization in 1 ms
2023-05-06 11:58:53 INFO  GrpcServerLifecycle:116 - gRPC server shutdown.
2023-05-06 11:58:53 INFO  LocalContainerEntityManagerFactoryBean:651 - Closing JPA EntityManagerFactory for persistence unit 'default'
2023-05-06 11:58:53 INFO  HikariDataSource:350 - HikariPool-1 - Shutdown initiated...
2023-05-06 11:58:53 INFO  HikariDataSource:352 - HikariPool-1 - Shutdown completed.
